0 info it worked if it ends with ok
1 verbose cli [ '/usr/local/Cellar/node/7.2.1/bin/node',
1 verbose cli   '/Users/Abhi/npm-packages/bin/npm',
1 verbose cli   'run',
1 verbose cli   'commit' ]
2 info using npm@3.8.7
3 info using node@v7.2.1
4 verbose run-script [ 'precommit', 'commit', 'postcommit' ]
5 info lifecycle lotr-random-names@0.0.0-semantically-released~precommit: lotr-random-names@0.0.0-semantically-released
6 silly lifecycle lotr-random-names@0.0.0-semantically-released~precommit: no script for precommit, continuing
7 info lifecycle lotr-random-names@0.0.0-semantically-released~commit: lotr-random-names@0.0.0-semantically-released
8 verbose lifecycle lotr-random-names@0.0.0-semantically-released~commit: unsafe-perm in lifecycle true
9 verbose lifecycle lotr-random-names@0.0.0-semantically-released~commit: PATH: /Users/Abhi/npm-packages/lib/node_modules/npm/bin/node-gyp-bin:/Users/Abhi/Webstorm/lotr-names/node_modules/.bin:/usr/local/Cellar/node/7.2.1/bin:/Users/Abhi/npm-packages/bin:/usr/local/bin:/usr/bin:/bin:/usr/sbin:/sbin
10 verbose lifecycle lotr-random-names@0.0.0-semantically-released~commit: CWD: /Users/Abhi/Webstorm/lotr-names
11 silly lifecycle lotr-random-names@0.0.0-semantically-released~commit: Args: [ '-c', 'git-cz' ]
12 silly lifecycle lotr-random-names@0.0.0-semantically-released~commit: Returned: code: 1  signal: null
13 info lifecycle lotr-random-names@0.0.0-semantically-released~commit: Failed to exec commit script
14 verbose stack Error: lotr-random-names@0.0.0-semantically-released commit: `git-cz`
14 verbose stack Exit status 1
14 verbose stack     at EventEmitter.<anonymous> (/Users/Abhi/npm-packages/lib/node_modules/npm/lib/utils/lifecycle.js:244:16)
14 verbose stack     at emitTwo (events.js:106:13)
14 verbose stack     at EventEmitter.emit (events.js:191:7)
14 verbose stack     at ChildProcess.<anonymous> (/Users/Abhi/npm-packages/lib/node_modules/npm/lib/utils/spawn.js:24:14)
14 verbose stack     at emitTwo (events.js:106:13)
14 verbose stack     at ChildProcess.emit (events.js:191:7)
14 verbose stack     at maybeClose (internal/child_process.js:885:16)
14 verbose stack     at Process.ChildProcess._handle.onexit (internal/child_process.js:226:5)
15 verbose pkgid lotr-random-names@0.0.0-semantically-released
16 verbose cwd /Users/Abhi/Webstorm/lotr-names
17 error Darwin 16.4.0
18 error argv "/usr/local/Cellar/node/7.2.1/bin/node" "/Users/Abhi/npm-packages/bin/npm" "run" "commit"
19 error node v7.2.1
20 error npm  v3.8.7
21 error code ELIFECYCLE
22 error lotr-random-names@0.0.0-semantically-released commit: `git-cz`
22 error Exit status 1
23 error Failed at the lotr-random-names@0.0.0-semantically-released commit script 'git-cz'.
23 error Make sure you have the latest version of node.js and npm installed.
23 error If you do, this is most likely a problem with the lotr-random-names package,
23 error not with npm itself.
23 error Tell the author that this fails on your system:
23 error     git-cz
23 error You can get information on how to open an issue for this project with:
23 error     npm bugs lotr-random-names
23 error Or if that isn't available, you can get their info via:
23 error     npm owner ls lotr-random-names
23 error There is likely additional logging output above.
24 verbose exit [ 1, true ]
